


ARM Macro Assembler    Page 1 


    1 00000000         #       1                "./mbed-os/targets/TARGET_STM/T
ARGET_STM32L0/TARGET_STM32L072xZ/TOOLCHAIN_ARM/startup_stm32l072xx.S"
    1 00000000         #       1                "<built-in>" 1
    1 00000000         #       1                "./mbed-os/targets/TARGET_STM/T
ARGET_STM32L0/TARGET_STM32L072xZ/TOOLCHAIN_ARM/startup_stm32l072xx.S" 2
    1 00000000         ;******************** (C) COPYRIGHT 2016 STMicroelectron
                       ics ********************
    2 00000000         ;* File Name : startup_stm32l072xx.s
    3 00000000         ;* Author : MCD Application Team
    4 00000000         ;* Description : STM32l072xx Devices vector table for MD
                       K-ARM toolchain.
    5 00000000         ;* This module performs:
    6 00000000         ;* - Set the initial SP
    7 00000000         ;* - Set the initial PC == Reset_Handler
    8 00000000         ;* - Set the vector table entries with the exceptions IS
                       R address
    9 00000000         ;* - Branches to __main in the C lbrary (which eventuall
                       y
   10 00000000         ;* calls main()).
   11 00000000         ;* After Reset the Cortex-M0+ processor is in Thread mod
                       e,
   12 00000000         ;* priority is Privileged, and the Stack is set to Main.
                       
   13 00000000         ;*******************************************************
                       ************************
   14 00000000         ;*
   15 00000000         ;* Redistribution and use in source and binary forms, wi
                       th or without modification,
   16 00000000         ;* are permitted provided that the following conditions 
                       are met:
   17 00000000         ;* 1. Redistributions of source code must retain the abo
                       ve copyright notice,
   18 00000000         ;* this list of conditions and the following disclaimer.
                       
   19 00000000         ;* 2. Redistributions in binary form must reproduce the 
                       above copyright notice,
   20 00000000         ;* this list of conditions and the following disclaimer 
                       in the documentation
   21 00000000         ;* and/or other materials provided with the distribution
                       .
   22 00000000         ;* 3. Neither the name of STMicroelectronics nor the nam
                       es of its contributors
   23 00000000         ;* may be used to endorse or promote products derived fr
                       om this software
   24 00000000         ;* without specific prior written permission.
   25 00000000         ;*
   26 00000000         ;* THIS SOFTWARE IS PROVIDED BY THE COPYRIGHT HOLDERS AN
                       D CONTRIBUTORS "AS IS"
   27 00000000         ;* AND ANY EXPRESS OR IMPLIED WARRANTIES, INCLUDING, BUT
                        NOT LIMITED TO, THE
   28 00000000         ;* IMPLIED WARRANTIES OF MERCHANTABILITY AND FITNESS FOR
                        A PARTICULAR PURPOSE ARE
   29 00000000         ;* DISCLAIMED. IN NO EVENT SHALL THE COPYRIGHT HOLDER OR
                        CONTRIBUTORS BE LIABLE
   30 00000000         ;* FOR ANY DIRECT, INDIRECT, INCIDENTAL, SPECIAL, EXEMPL
                       ARY, OR CONSEQUENTIAL
   31 00000000         ;* DAMAGES (INCLUDING, BUT NOT LIMITED TO, PROCUREMENT O
                       F SUBSTITUTE GOODS OR
   32 00000000         ;* SERVICES; LOSS OF USE, DATA, OR PROFITS; OR BUSINESS 



ARM Macro Assembler    Page 2 


                       INTERRUPTION) HOWEVER
   33 00000000         ;* CAUSED AND ON ANY THEORY OF LIABILITY, WHETHER IN CON
                       TRACT, STRICT LIABILITY,
   34 00000000         ;* OR TORT (INCLUDING NEGLIGENCE OR OTHERWISE) ARISING I
                       N ANY WAY OUT OF THE USE
   35 00000000         ;* OF THIS SOFTWARE, EVEN IF ADVISED OF THE POSSIBILITY 
                       OF SUCH DAMAGE.
   36 00000000         ;*
   37 00000000         ;*******************************************************
                       ************************
   38 00000000         ;
   39 00000000                 PRESERVE8
   40 00000000                 THUMB
   41 00000000         
   42 00000000         
   43 00000000         ; Vector Table Mapped to Address 0 at Reset
   44 00000000                 AREA             RESET, DATA, READONLY
   45 00000000                 EXPORT           __Vectors
   46 00000000                 EXPORT           __Vectors_End
   47 00000000                 EXPORT           __Vectors_Size
   48 00000000         
   49 00000000                 IMPORT           |Image$$ARM_LIB_STACK$$ZI$$Limi
t|
   50 00000000 00000000 
                       __Vectors
                               DCD              |Image$$ARM_LIB_STACK$$ZI$$Limi
t| 
                                                            ; Top of Stack
   51 00000004 00000000        DCD              Reset_Handler ; Reset Handler
   52 00000008 00000000        DCD              NMI_Handler ; NMI Handler
   53 0000000C 00000000        DCD              HardFault_Handler ; Hard Fault 
                                                            Handler
   54 00000010 00000000        DCD              0           ; Reserved
   55 00000014 00000000        DCD              0           ; Reserved
   56 00000018 00000000        DCD              0           ; Reserved
   57 0000001C 00000000        DCD              0           ; Reserved
   58 00000020 00000000        DCD              0           ; Reserved
   59 00000024 00000000        DCD              0           ; Reserved
   60 00000028 00000000        DCD              0           ; Reserved
   61 0000002C 00000000        DCD              SVC_Handler ; SVCall Handler
   62 00000030 00000000        DCD              0           ; Reserved
   63 00000034 00000000        DCD              0           ; Reserved
   64 00000038 00000000        DCD              PendSV_Handler ; PendSV Handler
                                                            
   65 0000003C 00000000        DCD              SysTick_Handler 
                                                            ; SysTick Handler
   66 00000040         
   67 00000040         ; External Interrupts
   68 00000040 00000000        DCD              WWDG_IRQHandler 
                                                            ; Window Watchdog
   69 00000044 00000000        DCD              PVD_IRQHandler ; PVD through EX
                                                            TI Line detect
   70 00000048 00000000        DCD              RTC_IRQHandler ; RTC through EX
                                                            TI Line
   71 0000004C 00000000        DCD              FLASH_IRQHandler ; FLASH
   72 00000050 00000000        DCD              RCC_CRS_IRQHandler 
                                                            ; RCC and CRS
   73 00000054 00000000        DCD              EXTI0_1_IRQHandler 
                                                            ; EXTI Line 0 and 1



ARM Macro Assembler    Page 3 


                                                            
   74 00000058 00000000        DCD              EXTI2_3_IRQHandler 
                                                            ; EXTI Line 2 and 3
                                                            
   75 0000005C 00000000        DCD              EXTI4_15_IRQHandler 
                                                            ; EXTI Line 4 to 15
                                                            
   76 00000060 00000000        DCD              TSC_IRQHandler ; TSC
   77 00000064 00000000        DCD              DMA1_Channel1_IRQHandler 
                                                            ; DMA1 Channel 1
   78 00000068 00000000        DCD              DMA1_Channel2_3_IRQHandler ; DM
                                                            A1 Channel 2 and Ch
                                                            annel 3
   79 0000006C 00000000        DCD              DMA1_Channel4_5_6_7_IRQHandler 
                                                            ; DMA1 Channel 4, C
                                                            hannel 5, Channel 6
                                                             and Channel 7
   80 00000070 00000000        DCD              ADC1_COMP_IRQHandler ; ADC1, CO
                                                            MP1 and COMP2
   81 00000074 00000000        DCD              LPTIM1_IRQHandler ; LPTIM1
   82 00000078 00000000        DCD              USART4_5_IRQHandler 
                                                            ; USART4 and USART5
                                                            
   83 0000007C 00000000        DCD              TIM2_IRQHandler ; TIM2
   84 00000080 00000000        DCD              TIM3_IRQHandler ; TIM3
   85 00000084 00000000        DCD              TIM6_DAC_IRQHandler 
                                                            ; TIM6 and DAC
   86 00000088 00000000        DCD              TIM7_IRQHandler ; TIM7
   87 0000008C 00000000        DCD              0           ; Reserved
   88 00000090 00000000        DCD              TIM21_IRQHandler ; TIM21
   89 00000094 00000000        DCD              I2C3_IRQHandler ; I2C3
   90 00000098 00000000        DCD              TIM22_IRQHandler ; TIM22
   91 0000009C 00000000        DCD              I2C1_IRQHandler ; I2C1
   92 000000A0 00000000        DCD              I2C2_IRQHandler ; I2C2
   93 000000A4 00000000        DCD              SPI1_IRQHandler ; SPI1
   94 000000A8 00000000        DCD              SPI2_IRQHandler ; SPI2
   95 000000AC 00000000        DCD              USART1_IRQHandler ; USART1
   96 000000B0 00000000        DCD              USART2_IRQHandler ; USART2
   97 000000B4 00000000        DCD              RNG_LPUART1_IRQHandler 
                                                            ; RNG and LPUART1
   98 000000B8 00000000        DCD              0           ; Reserved
   99 000000BC 00000000        DCD              USB_IRQHandler ; USB
  100 000000C0         
  101 000000C0         __Vectors_End
  102 000000C0         
  103 000000C0 000000C0 
                       __Vectors_Size
                               EQU              __Vectors_End - __Vectors
  104 000000C0         
  105 000000C0                 AREA             |.text|, CODE, READONLY
  106 00000000         
  107 00000000         ; Reset handler routine
  108 00000000         Reset_Handler
                               PROC
  109 00000000                 EXPORT           Reset_Handler [WEAK]
  110 00000000                 IMPORT           __main
  111 00000000                 IMPORT           SystemInit
  112 00000000 4804            LDR              R0, =SystemInit
  113 00000002 4780            BLX              R0



ARM Macro Assembler    Page 4 


  114 00000004 4804            LDR              R0, =__main
  115 00000006 4700            BX               R0
  116 00000008                 ENDP
  117 00000008         
  118 00000008         ; Dummy Exception Handlers (infinite loops which can be 
                       modified)
  119 00000008         
  120 00000008         NMI_Handler
                               PROC
  121 00000008                 EXPORT           NMI_Handler [WEAK]
  122 00000008 E7FE            B                .
  123 0000000A                 ENDP
  124 0000000A         HardFault_Handler
                               PROC
  125 0000000A         
  126 0000000A                 EXPORT           HardFault_Handler [WEAK]
  127 0000000A E7FE            B                .
  128 0000000C                 ENDP
  129 0000000C         SVC_Handler
                               PROC
  130 0000000C                 EXPORT           SVC_Handler [WEAK]
  131 0000000C E7FE            B                .
  132 0000000E                 ENDP
  133 0000000E         PendSV_Handler
                               PROC
  134 0000000E                 EXPORT           PendSV_Handler [WEAK]
  135 0000000E E7FE            B                .
  136 00000010                 ENDP
  137 00000010         SysTick_Handler
                               PROC
  138 00000010                 EXPORT           SysTick_Handler [WEAK]
  139 00000010 E7FE            B                .
  140 00000012                 ENDP
  141 00000012         
  142 00000012         Default_Handler
                               PROC
  143 00000012         
  144 00000012                 EXPORT           WWDG_IRQHandler [WEAK]
  145 00000012                 EXPORT           PVD_IRQHandler [WEAK]
  146 00000012                 EXPORT           RTC_IRQHandler [WEAK]
  147 00000012                 EXPORT           FLASH_IRQHandler [WEAK]
  148 00000012                 EXPORT           RCC_CRS_IRQHandler [WEAK]
  149 00000012                 EXPORT           EXTI0_1_IRQHandler [WEAK]
  150 00000012                 EXPORT           EXTI2_3_IRQHandler [WEAK]
  151 00000012                 EXPORT           EXTI4_15_IRQHandler [WEAK]
  152 00000012                 EXPORT           TSC_IRQHandler [WEAK]
  153 00000012                 EXPORT           DMA1_Channel1_IRQHandler [WEAK]
  154 00000012                 EXPORT           DMA1_Channel2_3_IRQHandler [WEA
K]
  155 00000012                 EXPORT           DMA1_Channel4_5_6_7_IRQHandler 
[WEAK]
  156 00000012                 EXPORT           ADC1_COMP_IRQHandler [WEAK]
  157 00000012                 EXPORT           LPTIM1_IRQHandler [WEAK]
  158 00000012                 EXPORT           USART4_5_IRQHandler [WEAK]
  159 00000012                 EXPORT           TIM2_IRQHandler [WEAK]
  160 00000012                 EXPORT           TIM3_IRQHandler [WEAK]
  161 00000012                 EXPORT           TIM6_DAC_IRQHandler [WEAK]
  162 00000012                 EXPORT           TIM7_IRQHandler [WEAK]
  163 00000012                 EXPORT           TIM21_IRQHandler [WEAK]



ARM Macro Assembler    Page 5 


  164 00000012                 EXPORT           TIM22_IRQHandler [WEAK]
  165 00000012                 EXPORT           I2C1_IRQHandler [WEAK]
  166 00000012                 EXPORT           I2C2_IRQHandler [WEAK]
  167 00000012                 EXPORT           I2C3_IRQHandler [WEAK]
  168 00000012                 EXPORT           SPI1_IRQHandler [WEAK]
  169 00000012                 EXPORT           SPI2_IRQHandler [WEAK]
  170 00000012                 EXPORT           USART1_IRQHandler [WEAK]
  171 00000012                 EXPORT           USART2_IRQHandler [WEAK]
  172 00000012                 EXPORT           RNG_LPUART1_IRQHandler [WEAK]
  173 00000012                 EXPORT           USB_IRQHandler [WEAK]
  174 00000012         
  175 00000012         
  176 00000012         WWDG_IRQHandler
  177 00000012         PVD_IRQHandler
  178 00000012         RTC_IRQHandler
  179 00000012         FLASH_IRQHandler
  180 00000012         RCC_CRS_IRQHandler
  181 00000012         EXTI0_1_IRQHandler
  182 00000012         EXTI2_3_IRQHandler
  183 00000012         EXTI4_15_IRQHandler
  184 00000012         TSC_IRQHandler
  185 00000012         DMA1_Channel1_IRQHandler
  186 00000012         DMA1_Channel2_3_IRQHandler
  187 00000012         DMA1_Channel4_5_6_7_IRQHandler
  188 00000012         ADC1_COMP_IRQHandler
  189 00000012         LPTIM1_IRQHandler
  190 00000012         USART4_5_IRQHandler
  191 00000012         TIM2_IRQHandler
  192 00000012         TIM3_IRQHandler
  193 00000012         TIM6_DAC_IRQHandler
  194 00000012         TIM7_IRQHandler
  195 00000012         TIM21_IRQHandler
  196 00000012         TIM22_IRQHandler
  197 00000012         I2C1_IRQHandler
  198 00000012         I2C2_IRQHandler
  199 00000012         I2C3_IRQHandler
  200 00000012         SPI1_IRQHandler
  201 00000012         SPI2_IRQHandler
  202 00000012         USART1_IRQHandler
  203 00000012         USART2_IRQHandler
  204 00000012         RNG_LPUART1_IRQHandler
  205 00000012         USB_IRQHandler
  206 00000012         
  207 00000012 E7FE            B                .
  208 00000014         
  209 00000014                 ENDP
  210 00000014         
  211 00000014                 ALIGN
  212 00000014         
  213 00000014         ;*******************************************************
                       ************************
  214 00000014         ; User Stack and Heap initialization
  215 00000014         ;*******************************************************
                       ************************
  216 00000014         
  217 00000014                 END
              00000000 
              00000000 
Command Line: --debug --xref --cpreproc --diag_suppress=9931 --cpu=Cortex-M0+ -



ARM Macro Assembler    Page 6 


o.\build\startup_stm32l072xx.o -IC:\Users\maria\AppData\Local\Arm\Packs\Keil\ST
M32L0xx_DFP\2.1.0\Drivers\CMSIS\Device\ST\STM32L0xx\Include --predefine="__UVIS
ION_VERSION SETA 536" --predefine="STM32L072xx SETA 1" --cpreproc_opts=-D__ASSE
RT_MSG,-DTRANSACTION_QUEUE_SIZE_SPI=2,-D__CORTEX_M0PLUS,-DUSE_HAL_DRIVER,-DSTM3
2L072xx,-D__MBED_CMSIS_RTOS_CM,-DEXTRA_IDLE_STACK_REQUIRED,-D__CMSIS_RTOS,-DMBE
D_TICKLESS,-DUSE_FULL_LL_DRIVER,-DARM_MATH_CM0PLUS,--target=arm-arm-none-eabi,-
mcpu=cortex-m0plus,-D__UVISION_VERSION=536,-DSTM32L072xx --list=.\build\startup
_stm32l072xx.lst ./mbed-os/targets/TARGET_STM/TARGET_STM32L0/TARGET_STM32L072xZ
/TOOLCHAIN_ARM/startup_stm32l072xx.S



ARM Macro Assembler    Page 1 Alphabetic symbol ordering
Relocatable symbols

RESET 00000000

Symbol: RESET
   Definitions
      At line 44 in file .\mbed-os\targets\TARGET_STM\TARGET_STM32L0\TARGET_STM
32L072xZ\TOOLCHAIN_ARM\startup_stm32l072xx.S
   Uses
      None
Comment: RESET unused
__Vectors 00000000

Symbol: __Vectors
   Definitions
      At line 50 in file .\mbed-os\targets\TARGET_STM\TARGET_STM32L0\TARGET_STM
32L072xZ\TOOLCHAIN_ARM\startup_stm32l072xx.S
   Uses
      At line 45 in file .\mbed-os\targets\TARGET_STM\TARGET_STM32L0\TARGET_STM
32L072xZ\TOOLCHAIN_ARM\startup_stm32l072xx.S
      At line 103 in file .\mbed-os\targets\TARGET_STM\TARGET_STM32L0\TARGET_ST
M32L072xZ\TOOLCHAIN_ARM\startup_stm32l072xx.S

__Vectors_End 000000C0

Symbol: __Vectors_End
   Definitions
      At line 101 in file .\mbed-os\targets\TARGET_STM\TARGET_STM32L0\TARGET_ST
M32L072xZ\TOOLCHAIN_ARM\startup_stm32l072xx.S
   Uses
      At line 46 in file .\mbed-os\targets\TARGET_STM\TARGET_STM32L0\TARGET_STM
32L072xZ\TOOLCHAIN_ARM\startup_stm32l072xx.S
      At line 103 in file .\mbed-os\targets\TARGET_STM\TARGET_STM32L0\TARGET_ST
M32L072xZ\TOOLCHAIN_ARM\startup_stm32l072xx.S

3 symbols



ARM Macro Assembler    Page 1 Alphabetic symbol ordering
Relocatable symbols

.text 00000000

Symbol: .text
   Definitions
      At line 105 in file .\mbed-os\targets\TARGET_STM\TARGET_STM32L0\TARGET_ST
M32L072xZ\TOOLCHAIN_ARM\startup_stm32l072xx.S
   Uses
      None
Comment: .text unused
ADC1_COMP_IRQHandler 00000012

Symbol: ADC1_COMP_IRQHandler
   Definitions
      At line 188 in file .\mbed-os\targets\TARGET_STM\TARGET_STM32L0\TARGET_ST
M32L072xZ\TOOLCHAIN_ARM\startup_stm32l072xx.S
   Uses
      At line 80 in file .\mbed-os\targets\TARGET_STM\TARGET_STM32L0\TARGET_STM
32L072xZ\TOOLCHAIN_ARM\startup_stm32l072xx.S
      At line 156 in file .\mbed-os\targets\TARGET_STM\TARGET_STM32L0\TARGET_ST
M32L072xZ\TOOLCHAIN_ARM\startup_stm32l072xx.S

DMA1_Channel1_IRQHandler 00000012

Symbol: DMA1_Channel1_IRQHandler
   Definitions
      At line 185 in file .\mbed-os\targets\TARGET_STM\TARGET_STM32L0\TARGET_ST
M32L072xZ\TOOLCHAIN_ARM\startup_stm32l072xx.S
   Uses
      At line 77 in file .\mbed-os\targets\TARGET_STM\TARGET_STM32L0\TARGET_STM
32L072xZ\TOOLCHAIN_ARM\startup_stm32l072xx.S
      At line 153 in file .\mbed-os\targets\TARGET_STM\TARGET_STM32L0\TARGET_ST
M32L072xZ\TOOLCHAIN_ARM\startup_stm32l072xx.S

DMA1_Channel2_3_IRQHandler 00000012

Symbol: DMA1_Channel2_3_IRQHandler
   Definitions
      At line 186 in file .\mbed-os\targets\TARGET_STM\TARGET_STM32L0\TARGET_ST
M32L072xZ\TOOLCHAIN_ARM\startup_stm32l072xx.S
   Uses
      At line 78 in file .\mbed-os\targets\TARGET_STM\TARGET_STM32L0\TARGET_STM
32L072xZ\TOOLCHAIN_ARM\startup_stm32l072xx.S
      At line 154 in file .\mbed-os\targets\TARGET_STM\TARGET_STM32L0\TARGET_ST
M32L072xZ\TOOLCHAIN_ARM\startup_stm32l072xx.S

DMA1_Channel4_5_6_7_IRQHandler 00000012

Symbol: DMA1_Channel4_5_6_7_IRQHandler
   Definitions
      At line 187 in file .\mbed-os\targets\TARGET_STM\TARGET_STM32L0\TARGET_ST
M32L072xZ\TOOLCHAIN_ARM\startup_stm32l072xx.S
   Uses
      At line 79 in file .\mbed-os\targets\TARGET_STM\TARGET_STM32L0\TARGET_STM
32L072xZ\TOOLCHAIN_ARM\startup_stm32l072xx.S
      At line 155 in file .\mbed-os\targets\TARGET_STM\TARGET_STM32L0\TARGET_ST
M32L072xZ\TOOLCHAIN_ARM\startup_stm32l072xx.S

Default_Handler 00000012




ARM Macro Assembler    Page 2 Alphabetic symbol ordering
Relocatable symbols

Symbol: Default_Handler
   Definitions
      At line 142 in file .\mbed-os\targets\TARGET_STM\TARGET_STM32L0\TARGET_ST
M32L072xZ\TOOLCHAIN_ARM\startup_stm32l072xx.S
   Uses
      None
Comment: Default_Handler unused
EXTI0_1_IRQHandler 00000012

Symbol: EXTI0_1_IRQHandler
   Definitions
      At line 181 in file .\mbed-os\targets\TARGET_STM\TARGET_STM32L0\TARGET_ST
M32L072xZ\TOOLCHAIN_ARM\startup_stm32l072xx.S
   Uses
      At line 73 in file .\mbed-os\targets\TARGET_STM\TARGET_STM32L0\TARGET_STM
32L072xZ\TOOLCHAIN_ARM\startup_stm32l072xx.S
      At line 149 in file .\mbed-os\targets\TARGET_STM\TARGET_STM32L0\TARGET_ST
M32L072xZ\TOOLCHAIN_ARM\startup_stm32l072xx.S

EXTI2_3_IRQHandler 00000012

Symbol: EXTI2_3_IRQHandler
   Definitions
      At line 182 in file .\mbed-os\targets\TARGET_STM\TARGET_STM32L0\TARGET_ST
M32L072xZ\TOOLCHAIN_ARM\startup_stm32l072xx.S
   Uses
      At line 74 in file .\mbed-os\targets\TARGET_STM\TARGET_STM32L0\TARGET_STM
32L072xZ\TOOLCHAIN_ARM\startup_stm32l072xx.S
      At line 150 in file .\mbed-os\targets\TARGET_STM\TARGET_STM32L0\TARGET_ST
M32L072xZ\TOOLCHAIN_ARM\startup_stm32l072xx.S

EXTI4_15_IRQHandler 00000012

Symbol: EXTI4_15_IRQHandler
   Definitions
      At line 183 in file .\mbed-os\targets\TARGET_STM\TARGET_STM32L0\TARGET_ST
M32L072xZ\TOOLCHAIN_ARM\startup_stm32l072xx.S
   Uses
      At line 75 in file .\mbed-os\targets\TARGET_STM\TARGET_STM32L0\TARGET_STM
32L072xZ\TOOLCHAIN_ARM\startup_stm32l072xx.S
      At line 151 in file .\mbed-os\targets\TARGET_STM\TARGET_STM32L0\TARGET_ST
M32L072xZ\TOOLCHAIN_ARM\startup_stm32l072xx.S

FLASH_IRQHandler 00000012

Symbol: FLASH_IRQHandler
   Definitions
      At line 179 in file .\mbed-os\targets\TARGET_STM\TARGET_STM32L0\TARGET_ST
M32L072xZ\TOOLCHAIN_ARM\startup_stm32l072xx.S
   Uses
      At line 71 in file .\mbed-os\targets\TARGET_STM\TARGET_STM32L0\TARGET_STM
32L072xZ\TOOLCHAIN_ARM\startup_stm32l072xx.S
      At line 147 in file .\mbed-os\targets\TARGET_STM\TARGET_STM32L0\TARGET_ST
M32L072xZ\TOOLCHAIN_ARM\startup_stm32l072xx.S

HardFault_Handler 0000000A

Symbol: HardFault_Handler
   Definitions



ARM Macro Assembler    Page 3 Alphabetic symbol ordering
Relocatable symbols

      At line 124 in file .\mbed-os\targets\TARGET_STM\TARGET_STM32L0\TARGET_ST
M32L072xZ\TOOLCHAIN_ARM\startup_stm32l072xx.S
   Uses
      At line 53 in file .\mbed-os\targets\TARGET_STM\TARGET_STM32L0\TARGET_STM
32L072xZ\TOOLCHAIN_ARM\startup_stm32l072xx.S
      At line 126 in file .\mbed-os\targets\TARGET_STM\TARGET_STM32L0\TARGET_ST
M32L072xZ\TOOLCHAIN_ARM\startup_stm32l072xx.S

I2C1_IRQHandler 00000012

Symbol: I2C1_IRQHandler
   Definitions
      At line 197 in file .\mbed-os\targets\TARGET_STM\TARGET_STM32L0\TARGET_ST
M32L072xZ\TOOLCHAIN_ARM\startup_stm32l072xx.S
   Uses
      At line 91 in file .\mbed-os\targets\TARGET_STM\TARGET_STM32L0\TARGET_STM
32L072xZ\TOOLCHAIN_ARM\startup_stm32l072xx.S
      At line 165 in file .\mbed-os\targets\TARGET_STM\TARGET_STM32L0\TARGET_ST
M32L072xZ\TOOLCHAIN_ARM\startup_stm32l072xx.S

I2C2_IRQHandler 00000012

Symbol: I2C2_IRQHandler
   Definitions
      At line 198 in file .\mbed-os\targets\TARGET_STM\TARGET_STM32L0\TARGET_ST
M32L072xZ\TOOLCHAIN_ARM\startup_stm32l072xx.S
   Uses
      At line 92 in file .\mbed-os\targets\TARGET_STM\TARGET_STM32L0\TARGET_STM
32L072xZ\TOOLCHAIN_ARM\startup_stm32l072xx.S
      At line 166 in file .\mbed-os\targets\TARGET_STM\TARGET_STM32L0\TARGET_ST
M32L072xZ\TOOLCHAIN_ARM\startup_stm32l072xx.S

I2C3_IRQHandler 00000012

Symbol: I2C3_IRQHandler
   Definitions
      At line 199 in file .\mbed-os\targets\TARGET_STM\TARGET_STM32L0\TARGET_ST
M32L072xZ\TOOLCHAIN_ARM\startup_stm32l072xx.S
   Uses
      At line 89 in file .\mbed-os\targets\TARGET_STM\TARGET_STM32L0\TARGET_STM
32L072xZ\TOOLCHAIN_ARM\startup_stm32l072xx.S
      At line 167 in file .\mbed-os\targets\TARGET_STM\TARGET_STM32L0\TARGET_ST
M32L072xZ\TOOLCHAIN_ARM\startup_stm32l072xx.S

LPTIM1_IRQHandler 00000012

Symbol: LPTIM1_IRQHandler
   Definitions
      At line 189 in file .\mbed-os\targets\TARGET_STM\TARGET_STM32L0\TARGET_ST
M32L072xZ\TOOLCHAIN_ARM\startup_stm32l072xx.S
   Uses
      At line 81 in file .\mbed-os\targets\TARGET_STM\TARGET_STM32L0\TARGET_STM
32L072xZ\TOOLCHAIN_ARM\startup_stm32l072xx.S
      At line 157 in file .\mbed-os\targets\TARGET_STM\TARGET_STM32L0\TARGET_ST
M32L072xZ\TOOLCHAIN_ARM\startup_stm32l072xx.S

NMI_Handler 00000008

Symbol: NMI_Handler



ARM Macro Assembler    Page 4 Alphabetic symbol ordering
Relocatable symbols

   Definitions
      At line 120 in file .\mbed-os\targets\TARGET_STM\TARGET_STM32L0\TARGET_ST
M32L072xZ\TOOLCHAIN_ARM\startup_stm32l072xx.S
   Uses
      At line 52 in file .\mbed-os\targets\TARGET_STM\TARGET_STM32L0\TARGET_STM
32L072xZ\TOOLCHAIN_ARM\startup_stm32l072xx.S
      At line 121 in file .\mbed-os\targets\TARGET_STM\TARGET_STM32L0\TARGET_ST
M32L072xZ\TOOLCHAIN_ARM\startup_stm32l072xx.S

PVD_IRQHandler 00000012

Symbol: PVD_IRQHandler
   Definitions
      At line 177 in file .\mbed-os\targets\TARGET_STM\TARGET_STM32L0\TARGET_ST
M32L072xZ\TOOLCHAIN_ARM\startup_stm32l072xx.S
   Uses
      At line 69 in file .\mbed-os\targets\TARGET_STM\TARGET_STM32L0\TARGET_STM
32L072xZ\TOOLCHAIN_ARM\startup_stm32l072xx.S
      At line 145 in file .\mbed-os\targets\TARGET_STM\TARGET_STM32L0\TARGET_ST
M32L072xZ\TOOLCHAIN_ARM\startup_stm32l072xx.S

PendSV_Handler 0000000E

Symbol: PendSV_Handler
   Definitions
      At line 133 in file .\mbed-os\targets\TARGET_STM\TARGET_STM32L0\TARGET_ST
M32L072xZ\TOOLCHAIN_ARM\startup_stm32l072xx.S
   Uses
      At line 64 in file .\mbed-os\targets\TARGET_STM\TARGET_STM32L0\TARGET_STM
32L072xZ\TOOLCHAIN_ARM\startup_stm32l072xx.S
      At line 134 in file .\mbed-os\targets\TARGET_STM\TARGET_STM32L0\TARGET_ST
M32L072xZ\TOOLCHAIN_ARM\startup_stm32l072xx.S

RCC_CRS_IRQHandler 00000012

Symbol: RCC_CRS_IRQHandler
   Definitions
      At line 180 in file .\mbed-os\targets\TARGET_STM\TARGET_STM32L0\TARGET_ST
M32L072xZ\TOOLCHAIN_ARM\startup_stm32l072xx.S
   Uses
      At line 72 in file .\mbed-os\targets\TARGET_STM\TARGET_STM32L0\TARGET_STM
32L072xZ\TOOLCHAIN_ARM\startup_stm32l072xx.S
      At line 148 in file .\mbed-os\targets\TARGET_STM\TARGET_STM32L0\TARGET_ST
M32L072xZ\TOOLCHAIN_ARM\startup_stm32l072xx.S

RNG_LPUART1_IRQHandler 00000012

Symbol: RNG_LPUART1_IRQHandler
   Definitions
      At line 204 in file .\mbed-os\targets\TARGET_STM\TARGET_STM32L0\TARGET_ST
M32L072xZ\TOOLCHAIN_ARM\startup_stm32l072xx.S
   Uses
      At line 97 in file .\mbed-os\targets\TARGET_STM\TARGET_STM32L0\TARGET_STM
32L072xZ\TOOLCHAIN_ARM\startup_stm32l072xx.S
      At line 172 in file .\mbed-os\targets\TARGET_STM\TARGET_STM32L0\TARGET_ST
M32L072xZ\TOOLCHAIN_ARM\startup_stm32l072xx.S

RTC_IRQHandler 00000012




ARM Macro Assembler    Page 5 Alphabetic symbol ordering
Relocatable symbols

Symbol: RTC_IRQHandler
   Definitions
      At line 178 in file .\mbed-os\targets\TARGET_STM\TARGET_STM32L0\TARGET_ST
M32L072xZ\TOOLCHAIN_ARM\startup_stm32l072xx.S
   Uses
      At line 70 in file .\mbed-os\targets\TARGET_STM\TARGET_STM32L0\TARGET_STM
32L072xZ\TOOLCHAIN_ARM\startup_stm32l072xx.S
      At line 146 in file .\mbed-os\targets\TARGET_STM\TARGET_STM32L0\TARGET_ST
M32L072xZ\TOOLCHAIN_ARM\startup_stm32l072xx.S

Reset_Handler 00000000

Symbol: Reset_Handler
   Definitions
      At line 108 in file .\mbed-os\targets\TARGET_STM\TARGET_STM32L0\TARGET_ST
M32L072xZ\TOOLCHAIN_ARM\startup_stm32l072xx.S
   Uses
      At line 51 in file .\mbed-os\targets\TARGET_STM\TARGET_STM32L0\TARGET_STM
32L072xZ\TOOLCHAIN_ARM\startup_stm32l072xx.S
      At line 109 in file .\mbed-os\targets\TARGET_STM\TARGET_STM32L0\TARGET_ST
M32L072xZ\TOOLCHAIN_ARM\startup_stm32l072xx.S

SPI1_IRQHandler 00000012

Symbol: SPI1_IRQHandler
   Definitions
      At line 200 in file .\mbed-os\targets\TARGET_STM\TARGET_STM32L0\TARGET_ST
M32L072xZ\TOOLCHAIN_ARM\startup_stm32l072xx.S
   Uses
      At line 93 in file .\mbed-os\targets\TARGET_STM\TARGET_STM32L0\TARGET_STM
32L072xZ\TOOLCHAIN_ARM\startup_stm32l072xx.S
      At line 168 in file .\mbed-os\targets\TARGET_STM\TARGET_STM32L0\TARGET_ST
M32L072xZ\TOOLCHAIN_ARM\startup_stm32l072xx.S

SPI2_IRQHandler 00000012

Symbol: SPI2_IRQHandler
   Definitions
      At line 201 in file .\mbed-os\targets\TARGET_STM\TARGET_STM32L0\TARGET_ST
M32L072xZ\TOOLCHAIN_ARM\startup_stm32l072xx.S
   Uses
      At line 94 in file .\mbed-os\targets\TARGET_STM\TARGET_STM32L0\TARGET_STM
32L072xZ\TOOLCHAIN_ARM\startup_stm32l072xx.S
      At line 169 in file .\mbed-os\targets\TARGET_STM\TARGET_STM32L0\TARGET_ST
M32L072xZ\TOOLCHAIN_ARM\startup_stm32l072xx.S

SVC_Handler 0000000C

Symbol: SVC_Handler
   Definitions
      At line 129 in file .\mbed-os\targets\TARGET_STM\TARGET_STM32L0\TARGET_ST
M32L072xZ\TOOLCHAIN_ARM\startup_stm32l072xx.S
   Uses
      At line 61 in file .\mbed-os\targets\TARGET_STM\TARGET_STM32L0\TARGET_STM
32L072xZ\TOOLCHAIN_ARM\startup_stm32l072xx.S
      At line 130 in file .\mbed-os\targets\TARGET_STM\TARGET_STM32L0\TARGET_ST
M32L072xZ\TOOLCHAIN_ARM\startup_stm32l072xx.S

SysTick_Handler 00000010



ARM Macro Assembler    Page 6 Alphabetic symbol ordering
Relocatable symbols


Symbol: SysTick_Handler
   Definitions
      At line 137 in file .\mbed-os\targets\TARGET_STM\TARGET_STM32L0\TARGET_ST
M32L072xZ\TOOLCHAIN_ARM\startup_stm32l072xx.S
   Uses
      At line 65 in file .\mbed-os\targets\TARGET_STM\TARGET_STM32L0\TARGET_STM
32L072xZ\TOOLCHAIN_ARM\startup_stm32l072xx.S
      At line 138 in file .\mbed-os\targets\TARGET_STM\TARGET_STM32L0\TARGET_ST
M32L072xZ\TOOLCHAIN_ARM\startup_stm32l072xx.S

TIM21_IRQHandler 00000012

Symbol: TIM21_IRQHandler
   Definitions
      At line 195 in file .\mbed-os\targets\TARGET_STM\TARGET_STM32L0\TARGET_ST
M32L072xZ\TOOLCHAIN_ARM\startup_stm32l072xx.S
   Uses
      At line 88 in file .\mbed-os\targets\TARGET_STM\TARGET_STM32L0\TARGET_STM
32L072xZ\TOOLCHAIN_ARM\startup_stm32l072xx.S
      At line 163 in file .\mbed-os\targets\TARGET_STM\TARGET_STM32L0\TARGET_ST
M32L072xZ\TOOLCHAIN_ARM\startup_stm32l072xx.S

TIM22_IRQHandler 00000012

Symbol: TIM22_IRQHandler
   Definitions
      At line 196 in file .\mbed-os\targets\TARGET_STM\TARGET_STM32L0\TARGET_ST
M32L072xZ\TOOLCHAIN_ARM\startup_stm32l072xx.S
   Uses
      At line 90 in file .\mbed-os\targets\TARGET_STM\TARGET_STM32L0\TARGET_STM
32L072xZ\TOOLCHAIN_ARM\startup_stm32l072xx.S
      At line 164 in file .\mbed-os\targets\TARGET_STM\TARGET_STM32L0\TARGET_ST
M32L072xZ\TOOLCHAIN_ARM\startup_stm32l072xx.S

TIM2_IRQHandler 00000012

Symbol: TIM2_IRQHandler
   Definitions
      At line 191 in file .\mbed-os\targets\TARGET_STM\TARGET_STM32L0\TARGET_ST
M32L072xZ\TOOLCHAIN_ARM\startup_stm32l072xx.S
   Uses
      At line 83 in file .\mbed-os\targets\TARGET_STM\TARGET_STM32L0\TARGET_STM
32L072xZ\TOOLCHAIN_ARM\startup_stm32l072xx.S
      At line 159 in file .\mbed-os\targets\TARGET_STM\TARGET_STM32L0\TARGET_ST
M32L072xZ\TOOLCHAIN_ARM\startup_stm32l072xx.S

TIM3_IRQHandler 00000012

Symbol: TIM3_IRQHandler
   Definitions
      At line 192 in file .\mbed-os\targets\TARGET_STM\TARGET_STM32L0\TARGET_ST
M32L072xZ\TOOLCHAIN_ARM\startup_stm32l072xx.S
   Uses
      At line 84 in file .\mbed-os\targets\TARGET_STM\TARGET_STM32L0\TARGET_STM
32L072xZ\TOOLCHAIN_ARM\startup_stm32l072xx.S
      At line 160 in file .\mbed-os\targets\TARGET_STM\TARGET_STM32L0\TARGET_ST
M32L072xZ\TOOLCHAIN_ARM\startup_stm32l072xx.S




ARM Macro Assembler    Page 7 Alphabetic symbol ordering
Relocatable symbols

TIM6_DAC_IRQHandler 00000012

Symbol: TIM6_DAC_IRQHandler
   Definitions
      At line 193 in file .\mbed-os\targets\TARGET_STM\TARGET_STM32L0\TARGET_ST
M32L072xZ\TOOLCHAIN_ARM\startup_stm32l072xx.S
   Uses
      At line 85 in file .\mbed-os\targets\TARGET_STM\TARGET_STM32L0\TARGET_STM
32L072xZ\TOOLCHAIN_ARM\startup_stm32l072xx.S
      At line 161 in file .\mbed-os\targets\TARGET_STM\TARGET_STM32L0\TARGET_ST
M32L072xZ\TOOLCHAIN_ARM\startup_stm32l072xx.S

TIM7_IRQHandler 00000012

Symbol: TIM7_IRQHandler
   Definitions
      At line 194 in file .\mbed-os\targets\TARGET_STM\TARGET_STM32L0\TARGET_ST
M32L072xZ\TOOLCHAIN_ARM\startup_stm32l072xx.S
   Uses
      At line 86 in file .\mbed-os\targets\TARGET_STM\TARGET_STM32L0\TARGET_STM
32L072xZ\TOOLCHAIN_ARM\startup_stm32l072xx.S
      At line 162 in file .\mbed-os\targets\TARGET_STM\TARGET_STM32L0\TARGET_ST
M32L072xZ\TOOLCHAIN_ARM\startup_stm32l072xx.S

TSC_IRQHandler 00000012

Symbol: TSC_IRQHandler
   Definitions
      At line 184 in file .\mbed-os\targets\TARGET_STM\TARGET_STM32L0\TARGET_ST
M32L072xZ\TOOLCHAIN_ARM\startup_stm32l072xx.S
   Uses
      At line 76 in file .\mbed-os\targets\TARGET_STM\TARGET_STM32L0\TARGET_STM
32L072xZ\TOOLCHAIN_ARM\startup_stm32l072xx.S
      At line 152 in file .\mbed-os\targets\TARGET_STM\TARGET_STM32L0\TARGET_ST
M32L072xZ\TOOLCHAIN_ARM\startup_stm32l072xx.S

USART1_IRQHandler 00000012

Symbol: USART1_IRQHandler
   Definitions
      At line 202 in file .\mbed-os\targets\TARGET_STM\TARGET_STM32L0\TARGET_ST
M32L072xZ\TOOLCHAIN_ARM\startup_stm32l072xx.S
   Uses
      At line 95 in file .\mbed-os\targets\TARGET_STM\TARGET_STM32L0\TARGET_STM
32L072xZ\TOOLCHAIN_ARM\startup_stm32l072xx.S
      At line 170 in file .\mbed-os\targets\TARGET_STM\TARGET_STM32L0\TARGET_ST
M32L072xZ\TOOLCHAIN_ARM\startup_stm32l072xx.S

USART2_IRQHandler 00000012

Symbol: USART2_IRQHandler
   Definitions
      At line 203 in file .\mbed-os\targets\TARGET_STM\TARGET_STM32L0\TARGET_ST
M32L072xZ\TOOLCHAIN_ARM\startup_stm32l072xx.S
   Uses
      At line 96 in file .\mbed-os\targets\TARGET_STM\TARGET_STM32L0\TARGET_STM
32L072xZ\TOOLCHAIN_ARM\startup_stm32l072xx.S
      At line 171 in file .\mbed-os\targets\TARGET_STM\TARGET_STM32L0\TARGET_ST
M32L072xZ\TOOLCHAIN_ARM\startup_stm32l072xx.S



ARM Macro Assembler    Page 8 Alphabetic symbol ordering
Relocatable symbols


USART4_5_IRQHandler 00000012

Symbol: USART4_5_IRQHandler
   Definitions
      At line 190 in file .\mbed-os\targets\TARGET_STM\TARGET_STM32L0\TARGET_ST
M32L072xZ\TOOLCHAIN_ARM\startup_stm32l072xx.S
   Uses
      At line 82 in file .\mbed-os\targets\TARGET_STM\TARGET_STM32L0\TARGET_STM
32L072xZ\TOOLCHAIN_ARM\startup_stm32l072xx.S
      At line 158 in file .\mbed-os\targets\TARGET_STM\TARGET_STM32L0\TARGET_ST
M32L072xZ\TOOLCHAIN_ARM\startup_stm32l072xx.S

USB_IRQHandler 00000012

Symbol: USB_IRQHandler
   Definitions
      At line 205 in file .\mbed-os\targets\TARGET_STM\TARGET_STM32L0\TARGET_ST
M32L072xZ\TOOLCHAIN_ARM\startup_stm32l072xx.S
   Uses
      At line 99 in file .\mbed-os\targets\TARGET_STM\TARGET_STM32L0\TARGET_STM
32L072xZ\TOOLCHAIN_ARM\startup_stm32l072xx.S
      At line 173 in file .\mbed-os\targets\TARGET_STM\TARGET_STM32L0\TARGET_ST
M32L072xZ\TOOLCHAIN_ARM\startup_stm32l072xx.S

WWDG_IRQHandler 00000012

Symbol: WWDG_IRQHandler
   Definitions
      At line 176 in file .\mbed-os\targets\TARGET_STM\TARGET_STM32L0\TARGET_ST
M32L072xZ\TOOLCHAIN_ARM\startup_stm32l072xx.S
   Uses
      At line 68 in file .\mbed-os\targets\TARGET_STM\TARGET_STM32L0\TARGET_STM
32L072xZ\TOOLCHAIN_ARM\startup_stm32l072xx.S
      At line 144 in file .\mbed-os\targets\TARGET_STM\TARGET_STM32L0\TARGET_ST
M32L072xZ\TOOLCHAIN_ARM\startup_stm32l072xx.S

38 symbols



ARM Macro Assembler    Page 1 Alphabetic symbol ordering
Absolute symbols

__Vectors_Size 000000C0

Symbol: __Vectors_Size
   Definitions
      At line 103 in file .\mbed-os\targets\TARGET_STM\TARGET_STM32L0\TARGET_ST
M32L072xZ\TOOLCHAIN_ARM\startup_stm32l072xx.S
   Uses
      At line 47 in file .\mbed-os\targets\TARGET_STM\TARGET_STM32L0\TARGET_STM
32L072xZ\TOOLCHAIN_ARM\startup_stm32l072xx.S
Comment: __Vectors_Size used once
1 symbol



ARM Macro Assembler    Page 1 Alphabetic symbol ordering
External symbols

Image$$ARM_LIB_STACK$$ZI$$Limit 00000000

Symbol: Image$$ARM_LIB_STACK$$ZI$$Limit
   Definitions
      At line 49 in file .\mbed-os\targets\TARGET_STM\TARGET_STM32L0\TARGET_STM
32L072xZ\TOOLCHAIN_ARM\startup_stm32l072xx.S
   Uses
      At line 50 in file .\mbed-os\targets\TARGET_STM\TARGET_STM32L0\TARGET_STM
32L072xZ\TOOLCHAIN_ARM\startup_stm32l072xx.S
Comment: Image$$ARM_LIB_STACK$$ZI$$Limit used once
SystemInit 00000000

Symbol: SystemInit
   Definitions
      At line 111 in file .\mbed-os\targets\TARGET_STM\TARGET_STM32L0\TARGET_ST
M32L072xZ\TOOLCHAIN_ARM\startup_stm32l072xx.S
   Uses
      At line 112 in file .\mbed-os\targets\TARGET_STM\TARGET_STM32L0\TARGET_ST
M32L072xZ\TOOLCHAIN_ARM\startup_stm32l072xx.S
Comment: SystemInit used once
__main 00000000

Symbol: __main
   Definitions
      At line 110 in file .\mbed-os\targets\TARGET_STM\TARGET_STM32L0\TARGET_ST
M32L072xZ\TOOLCHAIN_ARM\startup_stm32l072xx.S
   Uses
      At line 114 in file .\mbed-os\targets\TARGET_STM\TARGET_STM32L0\TARGET_ST
M32L072xZ\TOOLCHAIN_ARM\startup_stm32l072xx.S
Comment: __main used once
3 symbols
379 symbols in table
